<?xml version="1.0" encoding="UTF-8"?>
<testsuite xmlns:xsi="http://www.w3.org/2001/XMLSchema-instance" xsi:noNamespaceSchemaLocation="https://maven.apache.org/surefire/maven-surefire-plugin/xsd/surefire-test-report-3.0.xsd" version="3.0" name="com.revise.leetcode.leetcodeRevision.LeetcodeRevisionApplicationTests" time="13.081" tests="1" errors="0" skipped="0" failures="0">
  <properties>
[...]
</properties>
  <testcase name="contextLoads" classname="com.revise.leetcode.leetcodeRevision.LeetcodeRevisionApplicationTests" time="0.76">
    <system-out><![CDATA[14:43:52.742 [main] INFO org.springframework.test.context.support.AnnotationConfigContextLoaderUtils -- Could not detect default configuration classes for test class [com.revise.leetcode.leetcodeRevision.LeetcodeRevisionApplicationTests]: LeetcodeRevisionApplicationTests does not declare any static, non-private, non-final, nested classes annotated with @Configuration.
14:43:52.950 [main] INFO org.springframework.boot.test.context.SpringBootTestContextBootstrapper -- Found @SpringBootConfiguration com.revise.leetcode.leetcodeRevision.LeetcodeRevisionApplication for test class com.revise.leetcode.leetcodeRevision.LeetcodeRevisionApplicationTests
14:43:53.218 [main] INFO org.springframework.boot.devtools.restart.RestartApplicationListener -- Restart disabled due to context in which it is running

  .   ____          _            __ _ _
 /\\ / ___'_ __ _ _(_)_ __  __ _ \ \ \ \
( ( )\___ | '_ | '_| | '_ \/ _` | \ \ \ \
 \\/  ___)| |_)| | | | | || (_| |  ) ) ) )
  '  |____| .__|_| |_|_| |_\__, | / / / /
 =========|_|==============|___/=/_/_/_/
 :: Spring Boot ::                (v3.2.2)

2024-04-02T14:43:55.138+05:30  INFO 2888 --- [           main] c.r.l.l.LeetcodeRevisionApplicationTests : Starting LeetcodeRevisionApplicationTests using Java 20.0.1 with PID 2888 (started by reesh in C:\Users\reesh\Desktop\springLearn\leetcodeRevision)
2024-04-02T14:43:55.140+05:30  INFO 2888 --- [           main] c.r.l.l.LeetcodeRevisionApplicationTests : No active profile set, falling back to 1 default profile: "default"
2024-04-02T14:43:56.740+05:30  INFO 2888 --- [           main] .s.d.r.c.RepositoryConfigurationDelegate : Bootstrapping Spring Data JPA repositories in DEFAULT mode.
2024-04-02T14:43:56.858+05:30  INFO 2888 --- [           main] .s.d.r.c.RepositoryConfigurationDelegate : Finished Spring Data repository scanning in 104 ms. Found 3 JPA repository interfaces.
2024-04-02T14:43:57.860+05:30  INFO 2888 --- [           main] o.hibernate.jpa.internal.util.LogHelper  : HHH000204: Processing PersistenceUnitInfo [name: default]
2024-04-02T14:43:58.006+05:30  INFO 2888 --- [           main] org.hibernate.Version                    : HHH000412: Hibernate ORM core version 6.4.1.Final
2024-04-02T14:43:58.078+05:30  INFO 2888 --- [           main] o.h.c.internal.RegionFactoryInitiator    : HHH000026: Second-level cache disabled
2024-04-02T14:43:58.678+05:30  INFO 2888 --- [           main] o.s.o.j.p.SpringPersistenceUnitInfo      : No LoadTimeWeaver setup: ignoring JPA class transformer
2024-04-02T14:43:58.734+05:30  INFO 2888 --- [           main] com.zaxxer.hikari.HikariDataSource       : HikariPool-1 - Starting...
2024-04-02T14:43:59.550+05:30  INFO 2888 --- [           main] com.zaxxer.hikari.pool.HikariPool        : HikariPool-1 - Added connection com.mysql.cj.jdbc.ConnectionImpl@4a833595
2024-04-02T14:43:59.553+05:30  INFO 2888 --- [           main] com.zaxxer.hikari.HikariDataSource       : HikariPool-1 - Start completed.
2024-04-02T14:43:59.638+05:30  WARN 2888 --- [           main] org.hibernate.dialect.Dialect            : HHH000511: The 5.7.44 version for [org.hibernate.dialect.MySQLDialect] is no longer supported, hence certain features may not work properly. The minimum supported version is 8.0.0. Check the community dialects project for available legacy versions.
2024-04-02T14:44:01.278+05:30  INFO 2888 --- [           main] o.h.e.t.j.p.i.JtaPlatformInitiator       : HHH000489: No JTA platform available (set 'hibernate.transaction.jta.platform' to enable JTA platform integration)
Hibernate: create table category (id bigint not null auto_increment, category varchar(255), user_id bigint, primary key (id)) engine=InnoDB
Hibernate: create table question (id bigint not null auto_increment, description LONGTEXT, label enum ('EASY','MEDIUM','HARD'), solution LONGTEXT, title varchar(255), category_id bigint, user_id bigint, primary key (id)) engine=InnoDB
Hibernate: create table user (id bigint not null auto_increment, email varchar(255), gender varchar(255), name varchar(255), password varchar(255), primary key (id)) engine=InnoDB
Hibernate: alter table category add constraint FKpfk8djhv5natgshmxiav6xkpu foreign key (user_id) references user (id)
Hibernate: alter table question add constraint FK7jaqbm9p4prg7n91dd1uabrvj foreign key (category_id) references category (id)
Hibernate: alter table question add constraint FK4ekrlbqiybwk8abhgclfjwnmc foreign key (user_id) references user (id)
2024-04-02T14:44:02.227+05:30  INFO 2888 --- [           main] j.LocalContainerEntityManagerFactoryBean : Initialized JPA EntityManagerFactory for persistence unit 'default'
2024-04-02T14:44:03.241+05:30  INFO 2888 --- [           main] o.s.d.j.r.query.QueryEnhancerFactory     : Hibernate is in classpath; If applicable, HQL parser will be used.
2024-04-02T14:44:03.306+05:30  WARN 2888 --- [           main] JpaBaseConfiguration$JpaWebConfiguration : spring.jpa.open-in-view is enabled by default. Therefore, database queries may be performed during view rendering. Explicitly configure spring.jpa.open-in-view to disable this warning
2024-04-02T14:44:03.965+05:30  INFO 2888 --- [           main] o.s.s.web.DefaultSecurityFilterChain     : Will secure any request with [org.springframework.security.web.session.DisableEncodeUrlFilter@3f36c191, org.springframework.security.web.context.request.async.WebAsyncManagerIntegrationFilter@73973e77, org.springframework.security.web.context.SecurityContextHolderFilter@40c92dfa, org.springframework.security.web.header.HeaderWriterFilter@69c335c4, org.springframework.security.web.authentication.logout.LogoutFilter@7325b786, com.revise.leetcode.leetcodeRevision.config.JwtAuthenticationFilter@1d0fc0bc, org.springframework.security.web.savedrequest.RequestCacheAwareFilter@379df603, org.springframework.security.web.servletapi.SecurityContextHolderAwareRequestFilter@58fb5b8f, org.springframework.security.web.authentication.AnonymousAuthenticationFilter@54a5eff, org.springframework.security.web.session.SessionManagementFilter@1a598e30, org.springframework.security.web.access.ExceptionTranslationFilter@4b8ac512, org.springframework.security.web.access.intercept.AuthorizationFilter@47462daf]
2024-04-02T14:44:04.681+05:30  INFO 2888 --- [           main] c.r.l.l.LeetcodeRevisionApplicationTests : Started LeetcodeRevisionApplicationTests in 11.48 seconds (process running for 13.283)
]]></system-out>
  </testcase>
</testsuite>